d:\coding\c#\coopandreasnet\gamesdk\release\vc143.pdb
d:\coding\coopandreasnet\gamesdk\release\vc143.pdb
d:\coding\coopandreasnet\gamesdk\release\scripting.obj
d:\coding\coopandreasnet\gamesdk\release\main.obj
d:\coding\coopandreasnet\release\gamesdk.asi
d:\coding\coopandreasnet\release\gamesdk.pdb
d:\coding\coopandreasnet\release\gamesdk.lib
d:\coding\coopandreasnet\release\gamesdk.exp
d:\coding\coopandreasnet\gamesdk\release\gamesdk.ipdb
d:\coding\coopandreasnet\gamesdk\release\gamesdk.iobj
d:\coding\coopandreasnet\gamesdk\release\actorped.obj
d:\coding\coopandreasnet\gamesdk\release\common.obj
d:\coding\coopandreasnet\gamesdk\release\entity.obj
d:\coding\coopandreasnet\gamesdk\release\ped.obj
d:\coding\coopandreasnet\gamesdk\release\gamesdk.tlog\cl.command.1.tlog
d:\coding\coopandreasnet\gamesdk\release\gamesdk.tlog\cl.items.tlog
d:\coding\coopandreasnet\gamesdk\release\gamesdk.tlog\cl.read.1.tlog
d:\coding\coopandreasnet\gamesdk\release\gamesdk.tlog\cl.write.1.tlog
d:\coding\coopandreasnet\gamesdk\release\gamesdk.tlog\link.command.1.tlog
d:\coding\coopandreasnet\gamesdk\release\gamesdk.tlog\link.read.1.tlog
d:\coding\coopandreasnet\gamesdk\release\gamesdk.tlog\link.secondary.1.tlog
d:\coding\coopandreasnet\gamesdk\release\gamesdk.tlog\link.write.1.tlog
